1488744764.793005 client started (26372): socket /tmp/tmux-1000/default, protocol 8
1488744764.793039 on Linux 4.9.11-1-ARCH #1 SMP PREEMPT Sun Feb 19 13:45:52 UTC 2017; libevent 2.0.22-stable (poll)
1488744764.793071 socket is /tmp/tmux-1000/default
1488744764.793081 trying connect
1488744764.793145 add peer 0x231f850: 6 ((nil))
1488744764.793209 sending message 100 to peer 0x231f850 (4 bytes)
1488744764.793219 sending message 101 to peer 0x231f850 (16 bytes)
1488744764.793224 sending message 102 to peer 0x231f850 (11 bytes)
1488744764.793229 sending message 108 to peer 0x231f850 (33 bytes)
1488744764.793235 sending message 104 to peer 0x231f850 (0 bytes)
1488744764.793239 sending message 107 to peer 0x231f850 (4 bytes)
1488744764.793244 sending message 105 to peer 0x231f850 (54 bytes)
1488744764.793248 sending message 105 to peer 0x231f850 (11 bytes)
1488744764.793252 sending message 105 to peer 0x231f850 (19 bytes)
1488744764.793256 sending message 105 to peer 0x231f850 (17 bytes)
1488744764.793260 sending message 105 to peer 0x231f850 (16 bytes)
1488744764.793265 sending message 105 to peer 0x231f850 (1468 bytes)
1488744764.793276 sending message 105 to peer 0x231f850 (29 bytes)
1488744764.793281 sending message 105 to peer 0x231f850 (45 bytes)
1488744764.793285 sending message 105 to peer 0x231f850 (40 bytes)
1488744764.793289 sending message 105 to peer 0x231f850 (304 bytes)
1488744764.793294 sending message 105 to peer 0x231f850 (37 bytes)
1488744764.793298 sending message 105 to peer 0x231f850 (20 bytes)
1488744764.793302 sending message 105 to peer 0x231f850 (8 bytes)
1488744764.793307 sending message 105 to peer 0x231f850 (21 bytes)
1488744764.793311 sending message 105 to peer 0x231f850 (36 bytes)
1488744764.793315 sending message 105 to peer 0x231f850 (13 bytes)
1488744764.793319 sending message 105 to peer 0x231f850 (13 bytes)
1488744764.793323 sending message 105 to peer 0x231f850 (13 bytes)
1488744764.793327 sending message 105 to peer 0x231f850 (37 bytes)
1488744764.793332 sending message 105 to peer 0x231f850 (31 bytes)
1488744764.793336 sending message 105 to peer 0x231f850 (15 bytes)
1488744764.793340 sending message 105 to peer 0x231f850 (18 bytes)
1488744764.793344 sending message 105 to peer 0x231f850 (11 bytes)
1488744764.793348 sending message 105 to peer 0x231f850 (29 bytes)
1488744764.793352 sending message 105 to peer 0x231f850 (16 bytes)
1488744764.793357 sending message 106 to peer 0x231f850 (0 bytes)
1488744764.793361 sending message 200 to peer 0x231f850 (4 bytes)
1488744764.793366 client loop enter
1488744764.795106 peer 0x231f850 message 211
1488744764.795149 peer 0x231f850 message 203
1488744764.795156 client loop exit
